<?xml version="1.0" encoding="UTF-8"?>
<!-- Generated by org.testng.reporters.JUnitXMLReporter -->
<testsuite hostname="SDGL691" name="Default test" tests="1" failures="0" timestamp="11 Nov 2014 10:49:36 GMT" time="4.275" errors="0">
  <testcase name="@BeforeClass classSetUp" time="0.0" classname="com.rediff.testcases.HomePageTest">
    <failure type="com.framework.exception.MyException" message="Error in connecting with Remote WebDriverorg.openqa.selenium.remote.UnreachableBrowserException: Could not start a new session. Possible causes are invalid address of the remote server or browser start-up failure.
Build info: version: &amp;apos;2.42.1&amp;apos;, revision: &amp;apos;68b415adb11acca4286be45124325cc36cfc4a51&amp;apos;, time: &amp;apos;2014-05-29 09:21:55&amp;apos;
System info: host: &amp;apos;SDGL691&amp;apos;, ip: &amp;apos;10.20.20.29&amp;apos;, os.name: &amp;apos;Windows 7&amp;apos;, os.arch: &amp;apos;x86&amp;apos;, os.version: &amp;apos;6.1&amp;apos;, java.version: &amp;apos;1.7.0_67&amp;apos;
Driver info: driver.version: RemoteWebDriver">
      <![CDATA[com.framework.exception.MyException: Error in connecting with Remote WebDriverorg.openqa.selenium.remote.UnreachableBrowserException: Could not start a new session. Possible causes are invalid address of the remote server or browser start-up failure.
Build info: version: '2.42.1', revision: '68b415adb11acca4286be45124325cc36cfc4a51', time: '2014-05-29 09:21:55'
System info: host: 'SDGL691', ip: '10.20.20.29', os.name: 'Windows 7', os.arch: 'x86', os.version: '6.1', java.version: '1.7.0_67'
Driver info: driver.version: RemoteWebDriver
	at com.framework.testtemplate.TestBase.startWebDriver(TestBase.java:91)
	at com.rediff.testcases.HomePageTest.classSetUp(HomePageTest.java:24)
	at sun.reflect.NativeMethodAccessorImpl.invoke0(Native Method)
	at sun.reflect.NativeMethodAccessorImpl.invoke(Unknown Source)
	at sun.reflect.DelegatingMethodAccessorImpl.invoke(Unknown Source)
	at java.lang.reflect.Method.invoke(Unknown Source)
	at org.testng.internal.MethodInvocationHelper.invokeMethod(MethodInvocationHelper.java:84)
	at org.testng.internal.Invoker.invokeConfigurationMethod(Invoker.java:564)
	at org.testng.internal.Invoker.invokeConfigurations(Invoker.java:213)
	at org.testng.internal.Invoker.invokeConfigurations(Invoker.java:138)
	at org.testng.internal.TestMethodWorker.invokeBeforeClassMethods(TestMethodWorker.java:175)
	at org.testng.internal.TestMethodWorker.run(TestMethodWorker.java:107)
	at org.testng.TestRunner.privateRun(TestRunner.java:767)
	at org.testng.TestRunner.run(TestRunner.java:617)
	at org.testng.SuiteRunner.runTest(SuiteRunner.java:334)
	at org.testng.SuiteRunner.runSequentially(SuiteRunner.java:329)
	at org.testng.SuiteRunner.privateRun(SuiteRunner.java:291)
	at org.testng.SuiteRunner.run(SuiteRunner.java:240)
	at org.testng.SuiteRunnerWorker.runSuite(SuiteRunnerWorker.java:52)
	at org.testng.SuiteRunnerWorker.run(SuiteRunnerWorker.java:86)
	at org.testng.TestNG.runSuitesSequentially(TestNG.java:1224)
	at org.testng.TestNG.runSuitesLocally(TestNG.java:1149)
	at org.testng.TestNG.run(TestNG.java:1057)
	at org.testng.remote.RemoteTestNG.run(RemoteTestNG.java:111)
	at org.testng.remote.RemoteTestNG.initAndRun(RemoteTestNG.java:204)
	at org.testng.remote.RemoteTestNG.main(RemoteTestNG.java:175)
]]>
    </failure>
  </testcase> <!-- @BeforeClass classSetUp -->
  <testcase name="@BeforeMethod HomePageTestSetUp" time="0.0" classname="com.rediff.testcases.HomePageTest">
    <skipped/>
  </testcase> <!-- @BeforeMethod HomePageTestSetUp -->
  <testcase name="@AfterMethod TearDown" time="0.0" classname="com.rediff.testcases.HomePageTest">
    <skipped/>
  </testcase> <!-- @AfterMethod TearDown -->
  <testcase name="@AfterClass stopDriver" time="0.0" classname="com.rediff.testcases.HomePageTest">
    <skipped/>
  </testcase> <!-- @AfterClass stopDriver -->
  <testcase name="verifyBrokenLink" time="0.0" classname="com.rediff.testcases.HomePageTest">
    <skipped/>
  </testcase> <!-- verifyBrokenLink -->
</testsuite> <!-- Default test -->
