<?xml version="1.0" encoding="UTF-8"?>
<!-- Generated by org.testng.reporters.JUnitXMLReporter -->
<testsuite hostname="SDGL691" name="Command line test" tests="9" failures="0" timestamp="22 Sep 2014 14:30:36 GMT" time="196.944" errors="0">
  <testcase name="blankUserNameBlankPasswordLoginTest" time="0.534" classname="com.rediff.testcases.LoginTest"/>
  <testcase name="blankUserNameRightPasswordLoginTest" time="0.512" classname="com.rediff.testcases.LoginTest"/>
  <testcase name="blankUserNameWrongPasswordLoginTest" time="0.318" classname="com.rediff.testcases.LoginTest"/>
  <testcase name="rightUserNameBlankPasswordLoginTest" time="0.41" classname="com.rediff.testcases.LoginTest"/>
  <testcase name="rightUserNameWrongPasswordLoginTest" time="0.331" classname="com.rediff.testcases.LoginTest"/>
  <testcase name="sucessfullLoginTest" time="0.537" classname="com.rediff.testcases.LoginTest"/>
  <testcase name="wrongUserNameBlankPasswordLoginTest" time="0.329" classname="com.rediff.testcases.LoginTest"/>
  <testcase name="wrongUserNameRightPasswordLoginTest" time="0.432" classname="com.rediff.testcases.LoginTest"/>
  <testcase name="wrongUserNameWrongPasswordLoginTest" time="1.031" classname="com.rediff.testcases.LoginTest"/>
</testsuite> <!-- Command line test -->
