<?xml version="1.0" encoding="UTF-8"?>
<!-- Generated by org.testng.reporters.JUnitXMLReporter -->
<testsuite hostname="SDGL691" name="Rediff WebSite Testing" tests="9" failures="1" timestamp="14 Nov 2014 11:34:06 GMT" time="211.844" errors="0">
  <testcase name="verifyBrokenLink" time="132.28" classname="com.rediff.testcases.HomePageTest">
    <failure type="com.framework.exception.MyException" message="Exception Error : java.lang.RuntimeException: java.lang.IllegalArgumentException: protocol = http host = null , http://ads.rediff.com/5c/inrediffHP.com/mainhome.htm/1539307145/Right/default/empty.gif/334f4d4c5156526c352b594141466357">
      <![CDATA[com.framework.exception.MyException: Exception Error : java.lang.RuntimeException: java.lang.IllegalArgumentException: protocol = http host = null , http://ads.rediff.com/5c/inrediffHP.com/mainhome.htm/1539307145/Right/default/empty.gif/334f4d4c5156526c352b594141466357
	at com.framework.actions.WebAction.getResponseCode(WebAction.java:337)
	at com.framework.actions.WebAction.isLinkBroken(WebAction.java:378)
	at com.rediff.pages.HomePage.CheckHyperLinkOnPage(HomePage.java:57)
	at com.rediff.testcases.HomePageTest.verifyBrokenLink(HomePageTest.java:49)
	at sun.reflect.NativeMethodAccessorImpl.invoke0(Native Method)
	at sun.reflect.NativeMethodAccessorImpl.invoke(Unknown Source)
	at sun.reflect.DelegatingMethodAccessorImpl.invoke(Unknown Source)
	at java.lang.reflect.Method.invoke(Unknown Source)
	at org.testng.internal.MethodInvocationHelper.invokeMethod(MethodInvocationHelper.java:84)
	at org.testng.internal.Invoker.invokeMethod(Invoker.java:714)
	at org.testng.internal.Invoker.invokeTestMethod(Invoker.java:901)
	at org.testng.internal.Invoker.invokeTestMethods(Invoker.java:1231)
	at org.testng.internal.TestMethodWorker.invokeTestMethods(TestMethodWorker.java:127)
	at org.testng.internal.TestMethodWorker.run(TestMethodWorker.java:111)
	at java.util.concurrent.ThreadPoolExecutor.runWorker(Unknown Source)
	at java.util.concurrent.ThreadPoolExecutor$Worker.run(Unknown Source)
	at java.lang.Thread.run(Unknown Source)
]]>
    </failure>
  </testcase> <!-- verifyBrokenLink -->
  <testcase name="blankUserNameRightPasswordLoginTest" time="0.749" classname="com.rediff.testcases.LoginTest"/>
  <testcase name="blankUserNameWrongPasswordLoginTest" time="0.707" classname="com.rediff.testcases.LoginTest"/>
  <testcase name="rightUserNameBlankPasswordLoginTest" time="0.756" classname="com.rediff.testcases.LoginTest"/>
  <testcase name="rightUserNameWrongPasswordLoginTest" time="0.613" classname="com.rediff.testcases.LoginTest"/>
  <testcase name="sucessfullLoginTest" time="0.535" classname="com.rediff.testcases.LoginTest"/>
  <testcase name="wrongUserNameBlankPasswordLoginTest" time="0.596" classname="com.rediff.testcases.LoginTest"/>
  <testcase name="wrongUserNameRightPasswordLoginTest" time="0.546" classname="com.rediff.testcases.LoginTest"/>
  <testcase name="wrongUserNameWrongPasswordLoginTest" time="0.544" classname="com.rediff.testcases.LoginTest"/>
</testsuite> <!-- Rediff WebSite Testing -->
