<?xml version="1.0" encoding="UTF-8"?>
<!-- Generated by org.testng.reporters.JUnitXMLReporter -->
<testsuite hostname="SDGL691" name="Rediff WebSite Testing" tests="10" failures="1" timestamp="24 Sep 2014 12:56:07 GMT" time="126.146" errors="0">
  <testcase name="blankUserNameBlankPasswordLoginTest" time="1.674" classname="com.rediff.testcases.LoginTest"/>
  <testcase name="blankUserNameRightPasswordLoginTest" time="1.35" classname="com.rediff.testcases.LoginTest"/>
  <testcase name="blankUserNameWrongPasswordLoginTest" time="0.898" classname="com.rediff.testcases.LoginTest"/>
  <testcase name="rightUserNameBlankPasswordLoginTest" time="0.804" classname="com.rediff.testcases.LoginTest"/>
  <testcase name="rightUserNameWrongPasswordLoginTest" time="0.894" classname="com.rediff.testcases.LoginTest"/>
  <testcase name="sucessfullLoginTest" time="0.934" classname="com.rediff.testcases.LoginTest"/>
  <testcase name="wrongUserNameBlankPasswordLoginTest" time="0.981" classname="com.rediff.testcases.LoginTest"/>
  <testcase name="wrongUserNameRightPasswordLoginTest" time="0.626" classname="com.rediff.testcases.LoginTest"/>
  <testcase name="wrongUserNameWrongPasswordLoginTest" time="1.361" classname="com.rediff.testcases.LoginTest"/>
  <testcase name="verifyBrokenLink" time="103.464" classname="com.rediff.testcases.HomePageTest">
    <failure type="com.exception.MyException" message="Exception Error : java.lang.RuntimeException: java.lang.IllegalArgumentException: protocol = http host = null , http://ads.rediff.com/5c/inrediffHP.com/mainhome.htm/2122306837/Right/default/empty.gif/793853506f3151697676494142473765">
      <![CDATA[com.exception.MyException: Exception Error : java.lang.RuntimeException: java.lang.IllegalArgumentException: protocol = http host = null , http://ads.rediff.com/5c/inrediffHP.com/mainhome.htm/2122306837/Right/default/empty.gif/793853506f3151697676494142473765
	at com.actions.WebAction.getResponseCode(WebAction.java:329)
	at com.actions.WebAction.isLinkBroken(WebAction.java:370)
	at com.rediff.pages.HomePage.CheckHyperLinkOnPage(HomePage.java:57)
	at com.rediff.testcases.HomePageTest.verifyBrokenLink(HomePageTest.java:29)
	at sun.reflect.NativeMethodAccessorImpl.invoke0(Native Method)
	at sun.reflect.NativeMethodAccessorImpl.invoke(Unknown Source)
	at sun.reflect.DelegatingMethodAccessorImpl.invoke(Unknown Source)
	at java.lang.reflect.Method.invoke(Unknown Source)
	at org.testng.internal.MethodInvocationHelper.invokeMethod(MethodInvocationHelper.java:84)
	at org.testng.internal.Invoker.invokeMethod(Invoker.java:714)
	at org.testng.internal.Invoker.invokeTestMethod(Invoker.java:901)
	at org.testng.internal.Invoker.invokeTestMethods(Invoker.java:1231)
	at org.testng.internal.TestMethodWorker.invokeTestMethods(TestMethodWorker.java:127)
	at org.testng.internal.TestMethodWorker.run(TestMethodWorker.java:111)
	at java.util.concurrent.ThreadPoolExecutor.runWorker(Unknown Source)
	at java.util.concurrent.ThreadPoolExecutor$Worker.run(Unknown Source)
	at java.lang.Thread.run(Unknown Source)
]]>
    </failure>
  </testcase> <!-- verifyBrokenLink -->
</testsuite> <!-- Rediff WebSite Testing -->
