<?xml version="1.0" encoding="UTF-8" ?>
<testsuite failures="0" time="4.456" errors="0" skipped="0" tests="9" name="TestSuite">
  <properties>
[...]
</properties>
  <testcase time="0.536" classname="com.rediff.testcases.LoginTest" name="blankUserNameBlankPasswordLoginTest"/>
  <testcase time="0.513" classname="com.rediff.testcases.LoginTest" name="blankUserNameRightPasswordLoginTest"/>
  <testcase time="0.319" classname="com.rediff.testcases.LoginTest" name="blankUserNameWrongPasswordLoginTest"/>
  <testcase time="0.415" classname="com.rediff.testcases.LoginTest" name="rightUserNameBlankPasswordLoginTest"/>
  <testcase time="0.344" classname="com.rediff.testcases.LoginTest" name="rightUserNameWrongPasswordLoginTest"/>
  <testcase time="0.536" classname="com.rediff.testcases.LoginTest" name="sucessfullLoginTest"/>
  <testcase time="0.33" classname="com.rediff.testcases.LoginTest" name="wrongUserNameBlankPasswordLoginTest"/>
  <testcase time="0.432" classname="com.rediff.testcases.LoginTest" name="wrongUserNameRightPasswordLoginTest"/>
  <testcase time="1.031" classname="com.rediff.testcases.LoginTest" name="wrongUserNameWrongPasswordLoginTest"/>
</testsuite>